<?xml version="1.0" encoding="UTF-8"?>
<testng-results skipped="0" failed="0" ignored="0" total="1" passed="1">
  <reporter-output>
  </reporter-output>
  <suite name="test.java.leadInnTripPageTest" duration-ms="12351" started-at="2017-03-22T20:46:07Z" finished-at="2017-03-22T20:46:19Z">
    <groups>
    </groups>
    <test name="Command line test" duration-ms="12351" started-at="2017-03-22T20:46:07Z" finished-at="2017-03-22T20:46:19Z">
      <class name="test.java.leadInnTripPageTest">
        <test-method status="PASS" signature="SetUp()[pri:0, instance:test.java.leadInnTripPageTest@1324409e]" name="SetUp" is-config="true" duration-ms="10082" started-at="2017-03-22T13:46:07Z" finished-at="2017-03-22T13:46:17Z">
          <reporter-output>
          </reporter-output>
        </test-method> <!-- SetUp -->
        <test-method status="PASS" signature="AtlasLeaderOnlyUSTest016_Non_Trip()[pri:1, instance:test.java.leadInnTripPageTest@1324409e]" name="AtlasLeaderOnlyUSTest016_Non_Trip" duration-ms="2252" started-at="2017-03-22T13:46:17Z" finished-at="2017-03-22T13:46:19Z">
          <reporter-output>
          </reporter-output>
        </test-method> <!-- AtlasLeaderOnlyUSTest016_Non_Trip -->
        <test-method status="PASS" signature="tearDown()[pri:0, instance:test.java.leadInnTripPageTest@1324409e]" name="tearDown" is-config="true" duration-ms="0" started-at="2017-03-22T13:46:19Z" finished-at="2017-03-22T13:46:19Z">
          <reporter-output>
          </reporter-output>
        </test-method> <!-- tearDown -->
      </class> <!-- test.java.leadInnTripPageTest -->
    </test> <!-- Command line test -->
  </suite> <!-- test.java.leadInnTripPageTest -->
</testng-results>
