<?xml version="1.0" encoding="UTF-8"?>
<testng-results skipped="0" failed="0" ignored="0" total="1" passed="1">
  <reporter-output>
  </reporter-output>
  <suite name="Default suite" duration-ms="24939" started-at="2017-03-22T19:45:10Z" finished-at="2017-03-22T19:45:35Z">
    <groups>
    </groups>
    <test name="Default test" duration-ms="24939" started-at="2017-03-22T19:45:10Z" finished-at="2017-03-22T19:45:35Z">
      <class name="test.com.backroads.webdriver.testcases.atlas.leadInnTripPageTest">
        <test-method status="PASS" signature="SetUp()[pri:0, instance:test.com.backroads.webdriver.testcases.atlas.leadInnTripPageTest@47c62251]" name="SetUp" is-config="true" duration-ms="22002" started-at="2017-03-22T12:45:10Z" finished-at="2017-03-22T12:45:32Z">
          <reporter-output>
          </reporter-output>
        </test-method> <!-- SetUp -->
        <test-method status="PASS" signature="AtlasLeaderOnlyUSTest016_Non_Trip()[pri:1, instance:test.com.backroads.webdriver.testcases.atlas.leadInnTripPageTest@47c62251]" name="AtlasLeaderOnlyUSTest016_Non_Trip" duration-ms="2915" started-at="2017-03-22T12:45:32Z" finished-at="2017-03-22T12:45:35Z">
          <reporter-output>
          </reporter-output>
        </test-method> <!-- AtlasLeaderOnlyUSTest016_Non_Trip -->
        <test-method status="PASS" signature="tearDown()[pri:0, instance:test.com.backroads.webdriver.testcases.atlas.leadInnTripPageTest@47c62251]" name="tearDown" is-config="true" duration-ms="0" started-at="2017-03-22T12:45:35Z" finished-at="2017-03-22T12:45:35Z">
          <reporter-output>
          </reporter-output>
        </test-method> <!-- tearDown -->
      </class> <!-- test.com.backroads.webdriver.testcases.atlas.leadInnTripPageTest -->
    </test> <!-- Default test -->
  </suite> <!-- Default suite -->
</testng-results>
